2019-04-16 13:39:27.353  INFO 26712 --- [main] com.waken.dorm.DormWebApplicationTests   : Starting DormWebApplicationTests on LAPTOP-3U0UK50F with PID 26712 (started by zhaoRong in F:\IdeaProjects\dorm\dorm-web)
2019-04-16 13:39:27.355  INFO 26712 --- [main] com.waken.dorm.DormWebApplicationTests   : No active profile set, falling back to default profiles: default
2019-04-16 13:39:29.341  INFO 26712 --- [main] .s.d.r.c.RepositoryConfigurationDelegate : Multiple Spring Data modules found, entering strict repository configuration mode!
2019-04-16 13:39:29.345  INFO 26712 --- [main] .s.d.r.c.RepositoryConfigurationDelegate : Bootstrapping Spring Data repositories in DEFAULT mode.
2019-04-16 13:39:29.611  INFO 26712 --- [main] .s.d.r.c.RepositoryConfigurationDelegate : Finished Spring Data repository scanning in 245ms. Found 0 repository interfaces.
2019-04-16 13:39:30.469  INFO 26712 --- [main] trationDelegate$BeanPostProcessorChecker : Bean 'org.springframework.transaction.annotation.ProxyTransactionManagementConfiguration' of type [org.springframework.transaction.annotation.ProxyTransactionManagementConfiguration$$EnhancerBySpringCGLIB$$b2dc4cab] is not eligible for getting processed by all BeanPostProcessors (for example: not eligible for auto-proxying)
2019-04-16 13:39:30.888  INFO 26712 --- [main] trationDelegate$BeanPostProcessorChecker : Bean 'mybatis-org.mybatis.spring.boot.autoconfigure.MybatisProperties' of type [org.mybatis.spring.boot.autoconfigure.MybatisProperties] is not eligible for getting processed by all BeanPostProcessors (for example: not eligible for auto-proxying)
2019-04-16 13:39:30.950  INFO 26712 --- [main] trationDelegate$BeanPostProcessorChecker : Bean 'org.mybatis.spring.boot.autoconfigure.MybatisAutoConfiguration' of type [org.mybatis.spring.boot.autoconfigure.MybatisAutoConfiguration$$EnhancerBySpringCGLIB$$e5b09ddb] is not eligible for getting processed by all BeanPostProcessors (for example: not eligible for auto-proxying)
2019-04-16 13:39:30.973  INFO 26712 --- [main] trationDelegate$BeanPostProcessorChecker : Bean 'com.alibaba.druid.spring.boot.autoconfigure.DruidDataSourceAutoConfigure' of type [com.alibaba.druid.spring.boot.autoconfigure.DruidDataSourceAutoConfigure$$EnhancerBySpringCGLIB$$cc88421d] is not eligible for getting processed by all BeanPostProcessors (for example: not eligible for auto-proxying)
2019-04-16 13:39:30.985  INFO 26712 --- [main] c.a.d.s.b.a.DruidDataSourceAutoConfigure : Init DruidDataSource
2019-04-16 13:39:31.164  INFO 26712 --- [main] trationDelegate$BeanPostProcessorChecker : Bean 'spring.datasource-org.springframework.boot.autoconfigure.jdbc.DataSourceProperties' of type [org.springframework.boot.autoconfigure.jdbc.DataSourceProperties] is not eligible for getting processed by all BeanPostProcessors (for example: not eligible for auto-proxying)
2019-04-16 13:39:31.177  INFO 26712 --- [main] trationDelegate$BeanPostProcessorChecker : Bean 'com.alibaba.druid.spring.boot.autoconfigure.stat.DruidFilterConfiguration' of type [com.alibaba.druid.spring.boot.autoconfigure.stat.DruidFilterConfiguration] is not eligible for getting processed by all BeanPostProcessors (for example: not eligible for auto-proxying)
2019-04-16 13:39:31.255  INFO 26712 --- [main] trationDelegate$BeanPostProcessorChecker : Bean 'statFilter' of type [com.alibaba.druid.filter.stat.StatFilter] is not eligible for getting processed by all BeanPostProcessors (for example: not eligible for auto-proxying)
2019-04-16 13:39:31.447  INFO 26712 --- [main] com.alibaba.druid.pool.DruidDataSource   : {dataSource-1} inited
2019-04-16 13:39:31.447  INFO 26712 --- [main] trationDelegate$BeanPostProcessorChecker : Bean 'dataSource' of type [com.alibaba.druid.spring.boot.autoconfigure.DruidDataSourceWrapper] is not eligible for getting processed by all BeanPostProcessors (for example: not eligible for auto-proxying)
2019-04-16 13:39:31.489  INFO 26712 --- [main] trationDelegate$BeanPostProcessorChecker : Bean 'org.springframework.boot.autoconfigure.jdbc.DataSourceInitializerInvoker' of type [org.springframework.boot.autoconfigure.jdbc.DataSourceInitializerInvoker] is not eligible for getting processed by all BeanPostProcessors (for example: not eligible for auto-proxying)
2019-04-16 13:39:32.322  INFO 26712 --- [main] trationDelegate$BeanPostProcessorChecker : Bean 'sqlSessionFactory' of type [org.apache.ibatis.session.defaults.DefaultSqlSessionFactory] is not eligible for getting processed by all BeanPostProcessors (for example: not eligible for auto-proxying)
2019-04-16 13:39:32.335  INFO 26712 --- [main] trationDelegate$BeanPostProcessorChecker : Bean 'sqlSessionTemplate' of type [org.mybatis.spring.SqlSessionTemplate] is not eligible for getting processed by all BeanPostProcessors (for example: not eligible for auto-proxying)
2019-04-16 13:39:32.337  INFO 26712 --- [main] trationDelegate$BeanPostProcessorChecker : Bean 'resourceMapper' of type [org.mybatis.spring.mapper.MapperFactoryBean] is not eligible for getting processed by all BeanPostProcessors (for example: not eligible for auto-proxying)
2019-04-16 13:39:32.341  INFO 26712 --- [main] trationDelegate$BeanPostProcessorChecker : Bean 'resourceMapper' of type [com.sun.proxy.$Proxy90] is not eligible for getting processed by all BeanPostProcessors (for example: not eligible for auto-proxying)
2019-04-16 13:39:32.348  INFO 26712 --- [main] trationDelegate$BeanPostProcessorChecker : Bean 'roleResourceRelMapper' of type [org.mybatis.spring.mapper.MapperFactoryBean] is not eligible for getting processed by all BeanPostProcessors (for example: not eligible for auto-proxying)
2019-04-16 13:39:32.351  INFO 26712 --- [main] trationDelegate$BeanPostProcessorChecker : Bean 'roleResourceRelMapper' of type [com.sun.proxy.$Proxy92] is not eligible for getting processed by all BeanPostProcessors (for example: not eligible for auto-proxying)
2019-04-16 13:39:32.359  INFO 26712 --- [main] trationDelegate$BeanPostProcessorChecker : Bean 'roleMapper' of type [org.mybatis.spring.mapper.MapperFactoryBean] is not eligible for getting processed by all BeanPostProcessors (for example: not eligible for auto-proxying)
2019-04-16 13:39:32.362  INFO 26712 --- [main] trationDelegate$BeanPostProcessorChecker : Bean 'roleMapper' of type [com.sun.proxy.$Proxy93] is not eligible for getting processed by all BeanPostProcessors (for example: not eligible for auto-proxying)
2019-04-16 13:39:32.365  INFO 26712 --- [main] trationDelegate$BeanPostProcessorChecker : Bean 'resourceServiceImpl' of type [com.waken.dorm.serviceImpl.resource.ResourceServiceImpl] is not eligible for getting processed by all BeanPostProcessors (for example: not eligible for auto-proxying)
2019-04-16 13:39:32.400  INFO 26712 --- [main] trationDelegate$BeanPostProcessorChecker : Bean 'shiroConfig' of type [com.waken.dorm.shiro.ShiroConfig$$EnhancerBySpringCGLIB$$bb70a56f] is not eligible for getting processed by all BeanPostProcessors (for example: not eligible for auto-proxying)
2019-04-16 13:39:33.144  INFO 26712 --- [main] trationDelegate$BeanPostProcessorChecker : Bean 'hashedCredentialsMatcher' of type [org.apache.shiro.authc.credential.HashedCredentialsMatcher] is not eligible for getting processed by all BeanPostProcessors (for example: not eligible for auto-proxying)
2019-04-16 13:39:33.172  INFO 26712 --- [main] trationDelegate$BeanPostProcessorChecker : Bean 'userMapper' of type [org.mybatis.spring.mapper.MapperFactoryBean] is not eligible for getting processed by all BeanPostProcessors (for example: not eligible for auto-proxying)
2019-04-16 13:39:33.175  INFO 26712 --- [main] trationDelegate$BeanPostProcessorChecker : Bean 'userMapper' of type [com.sun.proxy.$Proxy94] is not eligible for getting processed by all BeanPostProcessors (for example: not eligible for auto-proxying)
2019-04-16 13:39:33.182  INFO 26712 --- [main] trationDelegate$BeanPostProcessorChecker : Bean 'userRoleRelMapper' of type [org.mybatis.spring.mapper.MapperFactoryBean] is not eligible for getting processed by all BeanPostProcessors (for example: not eligible for auto-proxying)
2019-04-16 13:39:33.185  INFO 26712 --- [main] trationDelegate$BeanPostProcessorChecker : Bean 'userRoleRelMapper' of type [com.sun.proxy.$Proxy95] is not eligible for getting processed by all BeanPostProcessors (for example: not eligible for auto-proxying)
2019-04-16 13:39:33.215  INFO 26712 --- [main] trationDelegate$BeanPostProcessorChecker : Bean 'ossConstantConfig' of type [com.waken.dorm.common.config.OssConstantConfig$$EnhancerBySpringCGLIB$$c68f2645] is not eligible for getting processed by all BeanPostProcessors (for example: not eligible for auto-proxying)
2019-04-16 13:39:33.218  INFO 26712 --- [main] trationDelegate$BeanPostProcessorChecker : Bean 'aliyunOSSUtil' of type [com.waken.dorm.common.utils.AliyunOSSUtil] is not eligible for getting processed by all BeanPostProcessors (for example: not eligible for auto-proxying)
2019-04-16 13:39:33.225  INFO 26712 --- [main] trationDelegate$BeanPostProcessorChecker : Bean 'schoolUserRelMapper' of type [org.mybatis.spring.mapper.MapperFactoryBean] is not eligible for getting processed by all BeanPostProcessors (for example: not eligible for auto-proxying)
2019-04-16 13:39:33.229  INFO 26712 --- [main] trationDelegate$BeanPostProcessorChecker : Bean 'schoolUserRelMapper' of type [com.sun.proxy.$Proxy96] is not eligible for getting processed by all BeanPostProcessors (for example: not eligible for auto-proxying)
2019-04-16 13:39:33.231  INFO 26712 --- [main] trationDelegate$BeanPostProcessorChecker : Bean 'userServiceImpl' of type [com.waken.dorm.serviceImpl.user.UserServiceImpl] is not eligible for getting processed by all BeanPostProcessors (for example: not eligible for auto-proxying)
2019-04-16 13:39:33.247  INFO 26712 --- [main] trationDelegate$BeanPostProcessorChecker : Bean 'myShiroRealm' of type [com.waken.dorm.shiro.DormShiroRealm] is not eligible for getting processed by all BeanPostProcessors (for example: not eligible for auto-proxying)
2019-04-16 13:39:33.260  INFO 26712 --- [main] trationDelegate$BeanPostProcessorChecker : Bean 'redisSessionDAO' of type [org.crazycake.shiro.RedisSessionDAO] is not eligible for getting processed by all BeanPostProcessors (for example: not eligible for auto-proxying)
2019-04-16 13:39:33.273  INFO 26712 --- [main] trationDelegate$BeanPostProcessorChecker : Bean 'sessionManager' of type [com.waken.dorm.shiro.DormSessionManager] is not eligible for getting processed by all BeanPostProcessors (for example: not eligible for auto-proxying)
2019-04-16 13:39:33.288  INFO 26712 --- [main] trationDelegate$BeanPostProcessorChecker : Bean 'securityManager' of type [org.apache.shiro.web.mgt.DefaultWebSecurityManager] is not eligible for getting processed by all BeanPostProcessors (for example: not eligible for auto-proxying)
2019-04-16 13:39:33.307  INFO 26712 --- [main] trationDelegate$BeanPostProcessorChecker : Bean 'authorizationAttributeSourceAdvisor' of type [org.apache.shiro.spring.security.interceptor.AuthorizationAttributeSourceAdvisor] is not eligible for getting processed by all BeanPostProcessors (for example: not eligible for auto-proxying)
2019-04-16 13:39:33.323  INFO 26712 --- [main] trationDelegate$BeanPostProcessorChecker : Bean 'org.springframework.boot.autoconfigure.transaction.TransactionAutoConfiguration' of type [org.springframework.boot.autoconfigure.transaction.TransactionAutoConfiguration$$EnhancerBySpringCGLIB$$475047b5] is not eligible for getting processed by all BeanPostProcessors (for example: not eligible for auto-proxying)
2019-04-16 13:39:33.336  INFO 26712 --- [main] trationDelegate$BeanPostProcessorChecker : Bean 'spring.transaction-org.springframework.boot.autoconfigure.transaction.TransactionProperties' of type [org.springframework.boot.autoconfigure.transaction.TransactionProperties] is not eligible for getting processed by all BeanPostProcessors (for example: not eligible for auto-proxying)
2019-04-16 13:39:33.339  INFO 26712 --- [main] trationDelegate$BeanPostProcessorChecker : Bean 'platformTransactionManagerCustomizers' of type [org.springframework.boot.autoconfigure.transaction.TransactionManagerCustomizers] is not eligible for getting processed by all BeanPostProcessors (for example: not eligible for auto-proxying)
2019-04-16 13:39:33.343  INFO 26712 --- [main] trationDelegate$BeanPostProcessorChecker : Bean 'org.springframework.boot.autoconfigure.jdbc.DataSourceTransactionManagerAutoConfiguration$DataSourceTransactionManagerConfiguration' of type [org.springframework.boot.autoconfigure.jdbc.DataSourceTransactionManagerAutoConfiguration$DataSourceTransactionManagerConfiguration$$EnhancerBySpringCGLIB$$5fdce51a] is not eligible for getting processed by all BeanPostProcessors (for example: not eligible for auto-proxying)
2019-04-16 13:39:33.358  INFO 26712 --- [main] trationDelegate$BeanPostProcessorChecker : Bean 'transactionManager' of type [org.springframework.jdbc.datasource.DataSourceTransactionManager] is not eligible for getting processed by all BeanPostProcessors (for example: not eligible for auto-proxying)
2019-04-16 13:39:33.374  INFO 26712 --- [main] c.w.d.s.resource.ResourceServiceImpl     : service: 获取用于shiro所有的资源开始
2019-04-16 13:39:33.613 DEBUG 26712 --- [main] c.w.d.d.r.R.listAllResources             : ==>  Preparing: SELECT rsc.pk_resource_id AS pkResourceId, rsc.resource_name AS resourceName, rsc.resource_type AS resourceType, rsc.resource_url AS resourceUrl, rsc.resource_no AS resourceNo, rsc.parent_id AS parentId, rsc.is_parent AS isParent FROM rm_resource rsc WHERE rsc.`status` = 1 ORDER BY resource_no ASC 
2019-04-16 13:39:33.659 DEBUG 26712 --- [main] c.w.d.d.r.R.listAllResources             : ==> Parameters: 
2019-04-16 13:39:33.745 DEBUG 26712 --- [main] c.w.d.d.r.R.listAllResources             : <==      Total: 11
2019-04-16 13:39:35.900  INFO 26712 --- [main] pertySourcedRequestMappingHandlerMapping : Mapped URL path [/v2/api-docs] onto method [public org.springframework.http.ResponseEntity<springfox.documentation.spring.web.json.Json> springfox.documentation.swagger2.web.Swagger2Controller.getDocumentation(java.lang.String,javax.servlet.http.HttpServletRequest)]
2019-04-16 13:39:36.609  INFO 26712 --- [main] o.s.s.concurrent.ThreadPoolTaskExecutor  : Initializing ExecutorService 'applicationTaskExecutor'
2019-04-16 13:39:37.330  WARN 26712 --- [main] ion$DefaultTemplateResolverConfiguration : Cannot find template location: classpath:/templates/ (please add some templates or check your Thymeleaf configuration)
2019-04-16 13:39:38.217  INFO 26712 --- [main] d.s.w.p.DocumentationPluginsBootstrapper : Context refreshed
2019-04-16 13:39:38.244  INFO 26712 --- [main] d.s.w.p.DocumentationPluginsBootstrapper : Found 1 custom documentation plugin(s)
2019-04-16 13:39:38.288  INFO 26712 --- [main] s.d.s.w.s.ApiListingReferenceScanner     : Scanning for api listing references
2019-04-16 13:39:38.712  INFO 26712 --- [main] .d.s.w.r.o.CachingOperationNameGenerator : Generating unique operation named: addDormRepairUsingPOST_1
2019-04-16 13:39:38.730  INFO 26712 --- [main] .d.s.w.r.o.CachingOperationNameGenerator : Generating unique operation named: listDormRepairsUsingPOST_1
2019-04-16 13:39:38.751  INFO 26712 --- [main] .d.s.w.r.o.CachingOperationNameGenerator : Generating unique operation named: listDormRulesUsingPOST_1
2019-04-16 13:39:38.811  INFO 26712 --- [main] .d.s.w.r.o.CachingOperationNameGenerator : Generating unique operation named: listDormViolationsUsingPOST_1
2019-04-16 13:39:39.094  INFO 26712 --- [main] com.waken.dorm.DormWebApplicationTests   : Started DormWebApplicationTests in 12.083 seconds (JVM running for 13.248)
2019-04-16 13:39:39.541  INFO 26712 --- [Thread-3] o.s.s.concurrent.ThreadPoolTaskExecutor  : Shutting down ExecutorService 'applicationTaskExecutor'
2019-04-16 13:39:39.588  INFO 26712 --- [Thread-3] com.alibaba.druid.pool.DruidDataSource   : {dataSource-1} closed
